0 info it worked if it ends with ok
1 verbose cli [ 'D:\\MYINSTALL\\nodejs\\node.exe',
1 verbose cli   'C:\\Users\\VGM-DEV02\\AppData\\Roaming\\npm\\node_modules\\npm\\bin\\npm-cli.js',
1 verbose cli   'run',
1 verbose cli   'dev' ]
2 info using npm@3.10.9
3 info using node@v8.9.0
4 verbose stack Error: ENOENT: no such file or directory, open 'D:\nodejs_projects\package.json'
5 verbose cwd D:\nodejs_projects\mastoffer
6 error Windows_NT 10.0.17134
7 error argv "D:\\MYINSTALL\\nodejs\\node.exe" "C:\\Users\\VGM-DEV02\\AppData\\Roaming\\npm\\node_modules\\npm\\bin\\npm-cli.js" "run" "dev"
8 error node v8.9.0
9 error npm  v3.10.9
10 error path D:\nodejs_projects\package.json
11 error code ENOENT
12 error errno -4058
13 error syscall open
14 error enoent ENOENT: no such file or directory, open 'D:\nodejs_projects\package.json'
15 error enoent ENOENT: no such file or directory, open 'D:\nodejs_projects\package.json'
15 error enoent This is most likely not a problem with npm itself
15 error enoent and is related to npm not being able to find a file.
16 verbose exit [ -4058, true ]
